  fast_array.c
C:\Users\jyheo\source\repos\fast_array\fast_array\fast_array.c(24,10): warning C4244: '=': 'double'에서 'float'(으)로 변환하면서 데이터가 손실될 수 있습니다.
C:\Users\jyheo\source\repos\fast_array\fast_array\fast_array.c(51,60): warning C4244: '=': 'float'에서 'dtype'(으)로 변환하면서 데이터가 손실될 수 있습니다.
C:\Users\jyheo\source\repos\fast_array\fast_array\fast_array.c(55,68): warning C4244: '=': 'float'에서 'dtype'(으)로 변환하면서 데이터가 손실될 수 있습니다.
C:\Users\jyheo\source\repos\fast_array\fast_array\fast_array.c(93,10): warning C4477: 'printf' : 서식 문자열 '%.4f'에 'double' 형식의 인수가 필요하지만 variadic 인수 2의 형식이 'dtype'입니다.
C:\Users\jyheo\source\repos\fast_array\fast_array\fast_array.c(93,10): warning C4477: 'printf' : 서식 문자열 '%.4f'에 'double' 형식의 인수가 필요하지만 variadic 인수 4의 형식이 'dtype'입니다.
C:\Users\jyheo\source\repos\fast_array\fast_array\fast_array.c(93,10): warning C4477: 'printf' : 서식 문자열 '%.4f'에 'double' 형식의 인수가 필요하지만 variadic 인수 5의 형식이 'dtype'입니다.
C:\Users\jyheo\source\repos\fast_array\fast_array\fast_array.c(109,10): warning C4477: 'printf' : 서식 문자열 '%.4f'에 'double' 형식의 인수가 필요하지만 variadic 인수 2의 형식이 'dtype'입니다.
C:\Users\jyheo\source\repos\fast_array\fast_array\fast_array.c(109,10): warning C4477: 'printf' : 서식 문자열 '%.4f'에 'double' 형식의 인수가 필요하지만 variadic 인수 4의 형식이 'dtype'입니다.
C:\Users\jyheo\source\repos\fast_array\fast_array\fast_array.c(109,10): warning C4477: 'printf' : 서식 문자열 '%.4f'에 'double' 형식의 인수가 필요하지만 variadic 인수 5의 형식이 'dtype'입니다.
C:\Users\jyheo\source\repos\fast_array\fast_array\fast_array.c(127,52): warning C4477: 'printf' : 서식 문자열 '%.6f'에 'double' 형식의 인수가 필요하지만 variadic 인수 1의 형식이 'dtype'입니다.
C:\Users\jyheo\source\repos\fast_array\fast_array\fast_array.c(139,36): warning C4477: 'printf' : 서식 문자열 '%.6f'에 'double' 형식의 인수가 필요하지만 variadic 인수 1의 형식이 'dtype'입니다.
C:\Users\jyheo\source\repos\fast_array\fast_array\fast_array.c(144,6): warning C4101: 'i' :참조되지 않은 지역 변수입니다.
C:\Users\jyheo\source\repos\fast_array\fast_array\fast_array.c(210,14): warning C4244: '초기화 중': 'float'에서 'dtype'(으)로 변환하면서 데이터가 손실될 수 있습니다.
C:\Users\jyheo\source\repos\fast_array\fast_array\fast_array.c(246,14): warning C4244: '초기화 중': 'float'에서 'dtype'(으)로 변환하면서 데이터가 손실될 수 있습니다.
  main.c
C:\Users\jyheo\source\repos\fast_array\fast_array\main.c(153,22): warning C4047: '함수': 'long'의 간접 참조 수준이 'void *'과(와) 다릅니다.
C:\Users\jyheo\source\repos\fast_array\fast_array\main.c(153,18): warning C4024: 'fseek': 형식 및 실제 매개 변수 2의 형식이 서로 다릅니다.
C:\Users\jyheo\source\repos\fast_array\fast_array\main.c(210,22): warning C4047: '함수': 'long'의 간접 참조 수준이 'void *'과(와) 다릅니다.
C:\Users\jyheo\source\repos\fast_array\fast_array\main.c(210,18): warning C4024: 'fseek': 형식 및 실제 매개 변수 2의 형식이 서로 다릅니다.
  코드를 생성하고 있습니다...
  fast_array.vcxproj -> C:\Users\jyheo\source\repos\fast_array\x64\Debug\fast_array.exe
